<?xml version="1.0" encoding="UTF-8"?>
<!-- Generated by org.testng.reporters.JUnitReportReporter -->
<testsuite hostname="KGSVDI-1508" failures="0" tests="1" name="kpmg.qa.hsbc.test.BrokerRequesthomepageTest" time="28.425" errors="0" timestamp="2024-07-09T16:43:50 IST" skipped="0">
  <testcase classname="kpmg.qa.hsbc.test.BrokerRequesthomepageTest" name="NewRequestpageopen" time="28.425"/>
  <system-out/>
</testsuite> <!-- kpmg.qa.hsbc.test.BrokerRequesthomepageTest -->
