<?xml version="1.0" encoding="UTF-8"?>
<!-- Generated by org.testng.reporters.JUnitReportReporter -->
<testsuite hostname="KGSVDI-1508" failures="0" tests="2" name="kpmg.qa.hsbc.test.BrokerNewRequestPageTest" time="78.147" errors="0" timestamp="2024-07-11T15:49:02 IST" skipped="0">
  <testcase classname="kpmg.qa.hsbc.test.BrokerNewRequestPageTest" name="pagenavigation" time="39.498"/>
  <system-out/>
  <testcase classname="kpmg.qa.hsbc.test.BrokerNewRequestPageTest" name="NewSRCreation" time="38.649"/>
  <system-out/>
</testsuite> <!-- kpmg.qa.hsbc.test.BrokerNewRequestPageTest -->
